<?xml version="1.0" encoding="UTF-8"?>
<!-- Generated by org.testng.reporters.JUnitXMLReporter -->
<testsuite hostname="srv" ignored="0" name="Default test" tests="8" failures="0" timestamp="2022-09-29T22:07:54 IST" time="48.987" errors="0">
  <testcase name="gethotel" time="3.184" classname="com.testng.features.Adactin_Testng"/>
  <testcase name="hotelname" time="6.059" classname="com.testng.features.Adactin_Testng"/>
  <testcase name="continue_page" time="0.847" classname="com.testng.features.Adactin_Testng"/>
  <testcase name="bookhote" time="10.985" classname="com.testng.features.Adactin_Testng"/>
  <testcase name="hotel2" time="0.71" classname="com.testng.features.Adactin_Testng"/>
  <testcase name="hotel12" time="7.64" classname="com.testng.features.Adactin_Testng"/>
  <testcase name="newHotel" time="0.516" classname="com.testng.features.Adactin_Testng"/>
  <testcase name="boo2" time="0.936" classname="com.testng.features.Adactin_Testng"/>
</testsuite> <!-- Default test -->
