<?xml version="1.0" encoding="UTF-8"?>
<testng-results skipped="0" failed="0" ignored="0" total="8" passed="8">
  <reporter-output>
  </reporter-output>
  <suite name="Default suite" duration-ms="48987" started-at="2022-09-29T22:07:05 IST" finished-at="2022-09-29T22:07:54 IST">
    <groups>
    </groups>
    <test name="Default test" duration-ms="48987" started-at="2022-09-29T22:07:05 IST" finished-at="2022-09-29T22:07:54 IST">
      <class name="com.testng.features.Adactin_Testng">
        <test-method status="PASS" signature="geturl()[pri:0, instance:com.testng.features.Adactin_Testng@3546d80f]" name="geturl" is-config="true" duration-ms="17851" started-at="2022-09-29T22:07:05 IST" finished-at="2022-09-29T22:07:23 IST">
          <reporter-output>
          </reporter-output>
        </test-method> <!-- geturl -->
        <test-method status="PASS" signature="gethotel()[pri:0, instance:com.testng.features.Adactin_Testng@3546d80f]" name="gethotel" duration-ms="3184" started-at="2022-09-29T22:07:23 IST" finished-at="2022-09-29T22:07:26 IST">
          <reporter-output>
          </reporter-output>
        </test-method> <!-- gethotel -->
        <test-method status="PASS" signature="hotelname()[pri:0, instance:com.testng.features.Adactin_Testng@3546d80f]" name="hotelname" duration-ms="6059" started-at="2022-09-29T22:07:26 IST" depends-on-methods="com.testng.features.Adactin_Testng.gethotel" finished-at="2022-09-29T22:07:32 IST">
          <reporter-output>
          </reporter-output>
        </test-method> <!-- hotelname -->
        <test-method status="PASS" signature="continue_page()[pri:0, instance:com.testng.features.Adactin_Testng@3546d80f]" name="continue_page" duration-ms="847" started-at="2022-09-29T22:07:32 IST" depends-on-methods="com.testng.features.Adactin_Testng.hotelname" finished-at="2022-09-29T22:07:33 IST">
          <reporter-output>
          </reporter-output>
        </test-method> <!-- continue_page -->
        <test-method status="PASS" signature="bookhote()[pri:0, instance:com.testng.features.Adactin_Testng@3546d80f]" name="bookhote" duration-ms="10985" started-at="2022-09-29T22:07:33 IST" depends-on-methods="com.testng.features.Adactin_Testng.continue_page" finished-at="2022-09-29T22:07:44 IST">
          <reporter-output>
          </reporter-output>
        </test-method> <!-- bookhote -->
        <test-method status="PASS" signature="hotel2()[pri:0, instance:com.testng.features.Adactin_Testng@3546d80f]" name="hotel2" duration-ms="710" started-at="2022-09-29T22:07:44 IST" depends-on-methods="com.testng.features.Adactin_Testng.bookhote" finished-at="2022-09-29T22:07:45 IST">
          <reporter-output>
          </reporter-output>
        </test-method> <!-- hotel2 -->
        <test-method status="PASS" signature="hotel12()[pri:0, instance:com.testng.features.Adactin_Testng@3546d80f]" name="hotel12" duration-ms="7640" started-at="2022-09-29T22:07:45 IST" depends-on-methods="com.testng.features.Adactin_Testng.hotel2" finished-at="2022-09-29T22:07:52 IST">
          <reporter-output>
          </reporter-output>
        </test-method> <!-- hotel12 -->
        <test-method status="PASS" signature="newHotel()[pri:0, instance:com.testng.features.Adactin_Testng@3546d80f]" name="newHotel" duration-ms="516" started-at="2022-09-29T22:07:52 IST" depends-on-methods="com.testng.features.Adactin_Testng.hotel12" finished-at="2022-09-29T22:07:53 IST">
          <reporter-output>
          </reporter-output>
        </test-method> <!-- newHotel -->
        <test-method status="PASS" signature="boo2()[pri:0, instance:com.testng.features.Adactin_Testng@3546d80f]" name="boo2" duration-ms="936" started-at="2022-09-29T22:07:53 IST" depends-on-methods="com.testng.features.Adactin_Testng.newHotel" finished-at="2022-09-29T22:07:54 IST">
          <reporter-output>
          </reporter-output>
        </test-method> <!-- boo2 -->
      </class> <!-- com.testng.features.Adactin_Testng -->
    </test> <!-- Default test -->
  </suite> <!-- Default suite -->
</testng-results>
